Vivado Simulator 2019.2
Copyright 1986-1999, 2001-2019 Xilinx, Inc. All Rights Reserved.
Running: D:/Xilinx/Vivado/2019.2/bin/unwrapped/win64.o/xelab.exe -wto 731a94f8607e4c65b99a23bceee16fe9 --incr --debug typical --relax --mt 2 -L xil_defaultlib -L blk_mem_gen_v8_4_4 -L generic_baseblocks_v2_1_0 -L axi_infrastructure_v1_1_0 -L axi_register_slice_v2_1_20 -L fifo_generator_v13_2_5 -L axi_data_fifo_v2_1_19 -L axi_crossbar_v2_1_21 -L unisims_ver -L unimacro_ver -L secureip -L xpm --snapshot tb_top_behav xil_defaultlib.tb_top xil_defaultlib.glbl -log elaborate.log 
Using 2 slave threads.
Starting static elaboration
Pass Through NonSizing Optimizer
WARNING: [VRFC 10-3091] actual bit length 1 differs from formal bit length 4 for port 'inst_sram_wr' [d:/calab/UCAS_CAlab_19/exp23/mycpu_env/myCPU/mycpu_core.v:201]
WARNING: [VRFC 10-3091] actual bit length 94 differs from formal bit length 64 for port 'in1' [d:/calab/UCAS_CAlab_19/exp23/mycpu_env/myCPU/mul.v:105]
WARNING: [VRFC 10-3091] actual bit length 92 differs from formal bit length 64 for port 'in2' [d:/calab/UCAS_CAlab_19/exp23/mycpu_env/myCPU/mul.v:106]
WARNING: [VRFC 10-3091] actual bit length 90 differs from formal bit length 64 for port 'in3' [d:/calab/UCAS_CAlab_19/exp23/mycpu_env/myCPU/mul.v:107]
WARNING: [VRFC 10-3091] actual bit length 40 differs from formal bit length 39 for port 'ms_rf_zip' [d:/calab/UCAS_CAlab_19/exp23/mycpu_env/myCPU/mycpu_core.v:359]
WARNING: [VRFC 10-3091] actual bit length 1 differs from formal bit length 19 for port 'w_tlb_vppn' [d:/calab/UCAS_CAlab_19/exp23/mycpu_env/myCPU/mycpu_core.v:444]
WARNING: [VRFC 10-3091] actual bit length 1 differs from formal bit length 10 for port 'w_tlb_asid' [d:/calab/UCAS_CAlab_19/exp23/mycpu_env/myCPU/mycpu_core.v:445]
WARNING: [VRFC 10-3091] actual bit length 4 differs from formal bit length 8 for port 'arlen' [d:/calab/UCAS_CAlab_19/exp23/mycpu_env/soc_verify/soc_axi/rtl/soc_lite_top.v:557]
WARNING: [VRFC 10-3091] actual bit length 4 differs from formal bit length 8 for port 'awlen' [d:/calab/UCAS_CAlab_19/exp23/mycpu_env/soc_verify/soc_axi/rtl/soc_lite_top.v:573]
WARNING: [VRFC 10-5021] port 'rresp' is not connected on this instance [d:/calab/UCAS_CAlab_19/exp23/mycpu_env/myCPU/mycpu_top.v:232]
WARNING: [VRFC 10-3091] actual bit length 88 differs from formal bit length 64 for port 'in1' [d:/calab/UCAS_CAlab_19/exp23/mycpu_env/myCPU/mul.v:112]
WARNING: [VRFC 10-3091] actual bit length 86 differs from formal bit length 64 for port 'in2' [d:/calab/UCAS_CAlab_19/exp23/mycpu_env/myCPU/mul.v:113]
WARNING: [VRFC 10-3091] actual bit length 84 differs from formal bit length 64 for port 'in3' [d:/calab/UCAS_CAlab_19/exp23/mycpu_env/myCPU/mul.v:114]
WARNING: [VRFC 10-3091] actual bit length 82 differs from formal bit length 64 for port 'in1' [d:/calab/UCAS_CAlab_19/exp23/mycpu_env/myCPU/mul.v:119]
WARNING: [VRFC 10-3091] actual bit length 80 differs from formal bit length 64 for port 'in2' [d:/calab/UCAS_CAlab_19/exp23/mycpu_env/myCPU/mul.v:120]
WARNING: [VRFC 10-3091] actual bit length 78 differs from formal bit length 64 for port 'in3' [d:/calab/UCAS_CAlab_19/exp23/mycpu_env/myCPU/mul.v:121]
WARNING: [VRFC 10-3091] actual bit length 76 differs from formal bit length 64 for port 'in1' [d:/calab/UCAS_CAlab_19/exp23/mycpu_env/myCPU/mul.v:126]
WARNING: [VRFC 10-3091] actual bit length 74 differs from formal bit length 64 for port 'in2' [d:/calab/UCAS_CAlab_19/exp23/mycpu_env/myCPU/mul.v:127]
WARNING: [VRFC 10-3091] actual bit length 72 differs from formal bit length 64 for port 'in3' [d:/calab/UCAS_CAlab_19/exp23/mycpu_env/myCPU/mul.v:128]
WARNING: [VRFC 10-3091] actual bit length 70 differs from formal bit length 64 for port 'in1' [d:/calab/UCAS_CAlab_19/exp23/mycpu_env/myCPU/mul.v:133]
WARNING: [VRFC 10-3091] actual bit length 68 differs from formal bit length 64 for port 'in2' [d:/calab/UCAS_CAlab_19/exp23/mycpu_env/myCPU/mul.v:134]
WARNING: [VRFC 10-3091] actual bit length 66 differs from formal bit length 64 for port 'in3' [d:/calab/UCAS_CAlab_19/exp23/mycpu_env/myCPU/mul.v:135]
WARNING: [VRFC 10-5021] port 'aclk2x' is not connected on this instance [/wrk/2019.2/continuous/2019_11_06_2708876/packages/customer/vivado/data/ip/xilinx/axi_crossbar_v2_1/hdl/axi_crossbar_v2_1_vl_rfs.v:3103]
Completed static elaboration
Starting simulation data flow analysis
Completed simulation data flow analysis
Time Resolution for simulation is 1ps
Compiling module blk_mem_gen_v8_4_4.blk_mem_gen_v8_4_4_output_stage(...
Compiling module blk_mem_gen_v8_4_4.blk_mem_gen_v8_4_4_softecc_outpu...
Compiling module blk_mem_gen_v8_4_4.blk_mem_gen_v8_4_4_mem_module(C_...
Compiling module blk_mem_gen_v8_4_4.blk_mem_gen_v8_4_4(C_FAMILY="art...
Compiling module xil_defaultlib.tagv_ram
Compiling module blk_mem_gen_v8_4_4.blk_mem_gen_v8_4_4_output_stage(...
Compiling module blk_mem_gen_v8_4_4.blk_mem_gen_v8_4_4_softecc_outpu...
Compiling module blk_mem_gen_v8_4_4.blk_mem_gen_v8_4_4_mem_module(C_...
Compiling module blk_mem_gen_v8_4_4.blk_mem_gen_v8_4_4(C_FAMILY="art...
Compiling module xil_defaultlib.data_bank_ram
Compiling module xil_defaultlib.cache
Compiling module xil_defaultlib.IFreg
Compiling module xil_defaultlib.decoder_6_64
Compiling module xil_defaultlib.decoder_4_16
Compiling module xil_defaultlib.decoder_2_4
Compiling module xil_defaultlib.decoder_5_32
Compiling module xil_defaultlib.regfile
Compiling module xil_defaultlib.IDreg
Compiling module xil_defaultlib.Adder
Compiling module xil_defaultlib.mul
Compiling module xil_defaultlib.div
Compiling module xil_defaultlib.alu
Compiling module xil_defaultlib.EXEreg
Compiling module xil_defaultlib.MEMreg
Compiling module xil_defaultlib.WBreg
Compiling module xil_defaultlib.csr
Compiling module xil_defaultlib.tlb_default
Compiling module xil_defaultlib.mycpu_core
Compiling module xil_defaultlib.bridge_sram_axi
Compiling module xil_defaultlib.mycpu_top
Compiling module xil_defaultlib.axi_wrap
Compiling module generic_baseblocks_v2_1_0.generic_baseblocks_v2_1_0_carry_...
Compiling module generic_baseblocks_v2_1_0.generic_baseblocks_v2_1_0_compar...
Compiling module generic_baseblocks_v2_1_0.generic_baseblocks_v2_1_0_compar...
Compiling module generic_baseblocks_v2_1_0.generic_baseblocks_v2_1_0_compar...
Compiling module generic_baseblocks_v2_1_0.generic_baseblocks_v2_1_0_compar...
Compiling module generic_baseblocks_v2_1_0.generic_baseblocks_v2_1_0_compar...
Compiling module generic_baseblocks_v2_1_0.generic_baseblocks_v2_1_0_compar...
Compiling module generic_baseblocks_v2_1_0.generic_baseblocks_v2_1_0_compar...
Compiling module axi_crossbar_v2_1_21.axi_crossbar_v2_1_21_addr_decode...
Compiling module axi_crossbar_v2_1_21.axi_crossbar_v2_1_21_arbiter_res...
Compiling module generic_baseblocks_v2_1_0.generic_baseblocks_v2_1_0_mux_en...
Compiling module unisims_ver.SRLC32E_default
Compiling module axi_data_fifo_v2_1_19.axi_data_fifo_v2_1_19_ndeep_srl(...
Compiling module axi_data_fifo_v2_1_19.axi_data_fifo_v2_1_19_axic_srl_f...
Compiling module axi_crossbar_v2_1_21.axi_crossbar_v2_1_21_si_transact...
Compiling module generic_baseblocks_v2_1_0.generic_baseblocks_v2_1_0_mux_en...
Compiling module axi_crossbar_v2_1_21.axi_crossbar_v2_1_21_si_transact...
Compiling module axi_crossbar_v2_1_21.axi_crossbar_v2_1_21_splitter
Compiling module axi_data_fifo_v2_1_19.axi_data_fifo_v2_1_19_ndeep_srl(...
Compiling module axi_data_fifo_v2_1_19.axi_data_fifo_v2_1_19_axic_reg_s...
Compiling module axi_crossbar_v2_1_21.axi_crossbar_v2_1_21_wdata_route...
Compiling module axi_crossbar_v2_1_21.axi_crossbar_v2_1_21_wdata_mux(C...
Compiling module axi_data_fifo_v2_1_19.axi_data_fifo_v2_1_19_axic_srl_f...
Compiling module axi_infrastructure_v1_1_0.axi_infrastructure_v1_1_0_axi2ve...
Compiling module axi_infrastructure_v1_1_0.axi_infrastructure_v1_1_0_vector...
Compiling module axi_register_slice_v2_1_20.axi_register_slice_v2_1_20_axic_...
Compiling module axi_register_slice_v2_1_20.axi_register_slice_v2_1_20_axic_...
Compiling module axi_register_slice_v2_1_20.axi_register_slice_v2_1_20_axic_...
Compiling module axi_register_slice_v2_1_20.axi_register_slice_v2_1_20_axic_...
Compiling module axi_register_slice_v2_1_20.axi_register_slice_v2_1_20_axi_r...
Compiling module axi_crossbar_v2_1_21.axi_crossbar_v2_1_21_wdata_mux(C...
Compiling module axi_data_fifo_v2_1_19.axi_data_fifo_v2_1_19_axic_srl_f...
Compiling module axi_crossbar_v2_1_21.axi_crossbar_v2_1_21_addr_arbite...
Compiling module axi_crossbar_v2_1_21.axi_crossbar_v2_1_21_decerr_slav...
Compiling module axi_crossbar_v2_1_21.axi_crossbar_v2_1_21_crossbar(C_...
Compiling module axi_crossbar_v2_1_21.axi_crossbar_v2_1_21_axi_crossba...
Compiling module xil_defaultlib.axi_crossbar_1x2
Compiling module blk_mem_gen_v8_4_4.beh_vlog_ff_clr_v8_4
Compiling module blk_mem_gen_v8_4_4.beh_vlog_ff_pre_v8_4
Compiling module blk_mem_gen_v8_4_4.STATE_LOGIC_v8_4(INIT=64'b010101...
Compiling module blk_mem_gen_v8_4_4.STATE_LOGIC_v8_4(INIT=64'b101111...
Compiling module blk_mem_gen_v8_4_4.STATE_LOGIC_v8_4(INIT=64'b101010...
Compiling module blk_mem_gen_v8_4_4.STATE_LOGIC_v8_4(INIT=64'b010101...
Compiling module blk_mem_gen_v8_4_4.STATE_LOGIC_v8_4(INIT=64'b010001...
Compiling module blk_mem_gen_v8_4_4.STATE_LOGIC_v8_4(INIT=64'b010001...
Compiling module blk_mem_gen_v8_4_4.STATE_LOGIC_v8_4(INIT=64'b011010...
Compiling module blk_mem_gen_v8_4_4.STATE_LOGIC_v8_4(INIT=64'b111111...
Compiling module blk_mem_gen_v8_4_4.STATE_LOGIC_v8_4(INIT=64'b011000...
Compiling module blk_mem_gen_v8_4_4.STATE_LOGIC_v8_4(INIT=64'b011111...
Compiling module blk_mem_gen_v8_4_4.STATE_LOGIC_v8_4(INIT=64'b0111)
Compiling module blk_mem_gen_v8_4_4.STATE_LOGIC_v8_4(INIT=64'b111110...
Compiling module blk_mem_gen_v8_4_4.STATE_LOGIC_v8_4(INIT=64'b01000)
Compiling module blk_mem_gen_v8_4_4.STATE_LOGIC_v8_4(INIT=64'b100010...
Compiling module blk_mem_gen_v8_4_4.write_netlist_v8_4(C_AXI_TYPE=1)
Compiling module blk_mem_gen_v8_4_4.blk_mem_axi_write_wrapper_beh_v8...
Compiling module blk_mem_gen_v8_4_4.beh_vlog_ff_ce_clr_v8_4
Compiling module blk_mem_gen_v8_4_4.STATE_LOGIC_v8_4(INIT=64'b01011)
Compiling module blk_mem_gen_v8_4_4.STATE_LOGIC_v8_4(INIT=64'b0100)
Compiling module blk_mem_gen_v8_4_4.STATE_LOGIC_v8_4(INIT=64'b111011...
Compiling module blk_mem_gen_v8_4_4.STATE_LOGIC_v8_4(INIT=64'b010001...
Compiling module blk_mem_gen_v8_4_4.STATE_LOGIC_v8_4(INIT=64'b010000...
Compiling module blk_mem_gen_v8_4_4.STATE_LOGIC_v8_4(INIT=64'b011111...
Compiling module blk_mem_gen_v8_4_4.STATE_LOGIC_v8_4(INIT=64'b01)
Compiling module blk_mem_gen_v8_4_4.STATE_LOGIC_v8_4(INIT=64'b010000...
Compiling module blk_mem_gen_v8_4_4.STATE_LOGIC_v8_4(INIT=64'b010001...
Compiling module blk_mem_gen_v8_4_4.STATE_LOGIC_v8_4(INIT=64'b011101...
Compiling module blk_mem_gen_v8_4_4.STATE_LOGIC_v8_4(INIT=64'b111111...
Compiling module blk_mem_gen_v8_4_4.STATE_LOGIC_v8_4(INIT=64'b010101...
Compiling module blk_mem_gen_v8_4_4.STATE_LOGIC_v8_4(INIT=64'b111100...
Compiling module blk_mem_gen_v8_4_4.beh_vlog_muxf7_v8_4
Compiling module blk_mem_gen_v8_4_4.STATE_LOGIC_v8_4(INIT=64'b010101...
Compiling module blk_mem_gen_v8_4_4.STATE_LOGIC_v8_4(INIT=64'b011100...
Compiling module blk_mem_gen_v8_4_4.STATE_LOGIC_v8_4(INIT=64'b011111...
Compiling module blk_mem_gen_v8_4_4.STATE_LOGIC_v8_4(INIT=64'b010001...
Compiling module blk_mem_gen_v8_4_4.STATE_LOGIC_v8_4(INIT=64'b010001...
Compiling module blk_mem_gen_v8_4_4.STATE_LOGIC_v8_4(INIT=64'b011100...
Compiling module blk_mem_gen_v8_4_4.read_netlist_v8_4(C_ADDRB_WIDTH=...
Compiling module blk_mem_gen_v8_4_4.blk_mem_axi_read_wrapper_beh_v8_...
Compiling module blk_mem_gen_v8_4_4.blk_mem_gen_v8_4_4_output_stage(...
Compiling module blk_mem_gen_v8_4_4.blk_mem_gen_v8_4_4_output_stage(...
Compiling module blk_mem_gen_v8_4_4.blk_mem_gen_v8_4_4_softecc_outpu...
Compiling module blk_mem_gen_v8_4_4.blk_mem_gen_v8_4_4_mem_module(C_...
Compiling module blk_mem_gen_v8_4_4.blk_mem_gen_v8_4_4(C_FAMILY="art...
Compiling module xil_defaultlib.axi_ram
Compiling module xil_defaultlib.axi_wrap_ram
Compiling module xil_defaultlib.confreg(SIMULATION=1'b1)
Compiling module xil_defaultlib.soc_lite_top(SIMULATION=1'b1)
Compiling module xil_defaultlib.tb_top
WARNING: [XSIM 43-3373] "d:/calab/UCAS_CAlab_19/exp23/mycpu_env/soc_verify/soc_axi/testbench/mycpu_tb.v" Line 124. System function $fscanf is used as system task. This system function should have a LHS e.g. x=$fscanf().
Compiling module xil_defaultlib.glbl
Built simulation snapshot tb_top_behav
